   1               		.file	"hal.c"
   2               	__SP_H__ = 0x3e
   3               	__SP_L__ = 0x3d
   4               	__SREG__ = 0x3f
   5               	__tmp_reg__ = 0
   6               	__zero_reg__ = 1
   7               		.text
   8               	.Ltext0:
   9               		.cfi_sections	.debug_frame
  10               		.section	.text.halInit,"ax",@progbits
  11               	.global	halInit
  13               	halInit:
  14               	.LFB243:
  15               		.file 1 "/home/givaldo/Documents/ChibiStudio/chibios_stable-21.11.x/os/hal/src/hal.c"
   1:/home/givaldo/Documents/ChibiStudio/chibios_stable-21.11.x/os/hal/src/hal.c **** /*
   2:/home/givaldo/Documents/ChibiStudio/chibios_stable-21.11.x/os/hal/src/hal.c ****     ChibiOS - Copyright (C) 2006..2018 Giovanni Di Sirio
   3:/home/givaldo/Documents/ChibiStudio/chibios_stable-21.11.x/os/hal/src/hal.c **** 
   4:/home/givaldo/Documents/ChibiStudio/chibios_stable-21.11.x/os/hal/src/hal.c ****     Licensed under the Apache License, Version 2.0 (the "License");
   5:/home/givaldo/Documents/ChibiStudio/chibios_stable-21.11.x/os/hal/src/hal.c ****     you may not use this file except in compliance with the License.
   6:/home/givaldo/Documents/ChibiStudio/chibios_stable-21.11.x/os/hal/src/hal.c ****     You may obtain a copy of the License at
   7:/home/givaldo/Documents/ChibiStudio/chibios_stable-21.11.x/os/hal/src/hal.c **** 
   8:/home/givaldo/Documents/ChibiStudio/chibios_stable-21.11.x/os/hal/src/hal.c ****         http://www.apache.org/licenses/LICENSE-2.0
   9:/home/givaldo/Documents/ChibiStudio/chibios_stable-21.11.x/os/hal/src/hal.c **** 
  10:/home/givaldo/Documents/ChibiStudio/chibios_stable-21.11.x/os/hal/src/hal.c ****     Unless required by applicable law or agreed to in writing, software
  11:/home/givaldo/Documents/ChibiStudio/chibios_stable-21.11.x/os/hal/src/hal.c ****     distributed under the License is distributed on an "AS IS" BASIS,
  12:/home/givaldo/Documents/ChibiStudio/chibios_stable-21.11.x/os/hal/src/hal.c ****     WITHOUT WARRANTIES OR CONDITIONS OF ANY KIND, either express or implied.
  13:/home/givaldo/Documents/ChibiStudio/chibios_stable-21.11.x/os/hal/src/hal.c ****     See the License for the specific language governing permissions and
  14:/home/givaldo/Documents/ChibiStudio/chibios_stable-21.11.x/os/hal/src/hal.c ****     limitations under the License.
  15:/home/givaldo/Documents/ChibiStudio/chibios_stable-21.11.x/os/hal/src/hal.c **** */
  16:/home/givaldo/Documents/ChibiStudio/chibios_stable-21.11.x/os/hal/src/hal.c **** 
  17:/home/givaldo/Documents/ChibiStudio/chibios_stable-21.11.x/os/hal/src/hal.c **** /**
  18:/home/givaldo/Documents/ChibiStudio/chibios_stable-21.11.x/os/hal/src/hal.c ****  * @file    hal.c
  19:/home/givaldo/Documents/ChibiStudio/chibios_stable-21.11.x/os/hal/src/hal.c ****  * @brief   HAL subsystem code.
  20:/home/givaldo/Documents/ChibiStudio/chibios_stable-21.11.x/os/hal/src/hal.c ****  *
  21:/home/givaldo/Documents/ChibiStudio/chibios_stable-21.11.x/os/hal/src/hal.c ****  * @addtogroup HAL
  22:/home/givaldo/Documents/ChibiStudio/chibios_stable-21.11.x/os/hal/src/hal.c ****  * @{
  23:/home/givaldo/Documents/ChibiStudio/chibios_stable-21.11.x/os/hal/src/hal.c ****  */
  24:/home/givaldo/Documents/ChibiStudio/chibios_stable-21.11.x/os/hal/src/hal.c **** 
  25:/home/givaldo/Documents/ChibiStudio/chibios_stable-21.11.x/os/hal/src/hal.c **** #include "hal.h"
  26:/home/givaldo/Documents/ChibiStudio/chibios_stable-21.11.x/os/hal/src/hal.c **** 
  27:/home/givaldo/Documents/ChibiStudio/chibios_stable-21.11.x/os/hal/src/hal.c **** /*===========================================================================*/
  28:/home/givaldo/Documents/ChibiStudio/chibios_stable-21.11.x/os/hal/src/hal.c **** /* Driver local definitions.                                                 */
  29:/home/givaldo/Documents/ChibiStudio/chibios_stable-21.11.x/os/hal/src/hal.c **** /*===========================================================================*/
  30:/home/givaldo/Documents/ChibiStudio/chibios_stable-21.11.x/os/hal/src/hal.c **** 
  31:/home/givaldo/Documents/ChibiStudio/chibios_stable-21.11.x/os/hal/src/hal.c **** /*===========================================================================*/
  32:/home/givaldo/Documents/ChibiStudio/chibios_stable-21.11.x/os/hal/src/hal.c **** /* Driver exported variables.                                                */
  33:/home/givaldo/Documents/ChibiStudio/chibios_stable-21.11.x/os/hal/src/hal.c **** /*===========================================================================*/
  34:/home/givaldo/Documents/ChibiStudio/chibios_stable-21.11.x/os/hal/src/hal.c **** 
  35:/home/givaldo/Documents/ChibiStudio/chibios_stable-21.11.x/os/hal/src/hal.c **** /*===========================================================================*/
  36:/home/givaldo/Documents/ChibiStudio/chibios_stable-21.11.x/os/hal/src/hal.c **** /* Driver local variables and types.                                         */
  37:/home/givaldo/Documents/ChibiStudio/chibios_stable-21.11.x/os/hal/src/hal.c **** /*===========================================================================*/
  38:/home/givaldo/Documents/ChibiStudio/chibios_stable-21.11.x/os/hal/src/hal.c **** 
  39:/home/givaldo/Documents/ChibiStudio/chibios_stable-21.11.x/os/hal/src/hal.c **** /*===========================================================================*/
  40:/home/givaldo/Documents/ChibiStudio/chibios_stable-21.11.x/os/hal/src/hal.c **** /* Driver local functions.                                                   */
  41:/home/givaldo/Documents/ChibiStudio/chibios_stable-21.11.x/os/hal/src/hal.c **** /*===========================================================================*/
  42:/home/givaldo/Documents/ChibiStudio/chibios_stable-21.11.x/os/hal/src/hal.c **** 
  43:/home/givaldo/Documents/ChibiStudio/chibios_stable-21.11.x/os/hal/src/hal.c **** /*===========================================================================*/
  44:/home/givaldo/Documents/ChibiStudio/chibios_stable-21.11.x/os/hal/src/hal.c **** /* Driver exported functions.                                                */
  45:/home/givaldo/Documents/ChibiStudio/chibios_stable-21.11.x/os/hal/src/hal.c **** /*===========================================================================*/
  46:/home/givaldo/Documents/ChibiStudio/chibios_stable-21.11.x/os/hal/src/hal.c **** 
  47:/home/givaldo/Documents/ChibiStudio/chibios_stable-21.11.x/os/hal/src/hal.c **** /**
  48:/home/givaldo/Documents/ChibiStudio/chibios_stable-21.11.x/os/hal/src/hal.c ****  * @brief   HAL initialization.
  49:/home/givaldo/Documents/ChibiStudio/chibios_stable-21.11.x/os/hal/src/hal.c ****  * @details This function invokes the low level initialization code then
  50:/home/givaldo/Documents/ChibiStudio/chibios_stable-21.11.x/os/hal/src/hal.c ****  *          initializes all the drivers enabled in the HAL. Finally the
  51:/home/givaldo/Documents/ChibiStudio/chibios_stable-21.11.x/os/hal/src/hal.c ****  *          board-specific initialization is performed by invoking
  52:/home/givaldo/Documents/ChibiStudio/chibios_stable-21.11.x/os/hal/src/hal.c ****  *          @p boardInit() (usually defined in @p board.c).
  53:/home/givaldo/Documents/ChibiStudio/chibios_stable-21.11.x/os/hal/src/hal.c ****  *
  54:/home/givaldo/Documents/ChibiStudio/chibios_stable-21.11.x/os/hal/src/hal.c ****  * @init
  55:/home/givaldo/Documents/ChibiStudio/chibios_stable-21.11.x/os/hal/src/hal.c ****  */
  56:/home/givaldo/Documents/ChibiStudio/chibios_stable-21.11.x/os/hal/src/hal.c **** void halInit(void) {
  16               		.loc 1 56 0
  17               		.cfi_startproc
  18               	/* prologue: function */
  19               	/* frame size = 0 */
  20               	/* stack size = 0 */
  21               	.L__stack_usage = 0
  57:/home/givaldo/Documents/ChibiStudio/chibios_stable-21.11.x/os/hal/src/hal.c **** 
  58:/home/givaldo/Documents/ChibiStudio/chibios_stable-21.11.x/os/hal/src/hal.c ****   /* Initializes the OS Abstraction Layer.*/
  59:/home/givaldo/Documents/ChibiStudio/chibios_stable-21.11.x/os/hal/src/hal.c ****   osalInit();
  60:/home/givaldo/Documents/ChibiStudio/chibios_stable-21.11.x/os/hal/src/hal.c **** 
  61:/home/givaldo/Documents/ChibiStudio/chibios_stable-21.11.x/os/hal/src/hal.c ****   /* Platform low level initializations.*/
  62:/home/givaldo/Documents/ChibiStudio/chibios_stable-21.11.x/os/hal/src/hal.c ****   hal_lld_init();
  22               		.loc 1 62 0
  23 0000 0E94 0000 		call hal_lld_init
  24               	.LVL0:
  63:/home/givaldo/Documents/ChibiStudio/chibios_stable-21.11.x/os/hal/src/hal.c **** 
  64:/home/givaldo/Documents/ChibiStudio/chibios_stable-21.11.x/os/hal/src/hal.c **** #if (HAL_USE_PAL == TRUE) || defined(__DOXYGEN__)
  65:/home/givaldo/Documents/ChibiStudio/chibios_stable-21.11.x/os/hal/src/hal.c **** #if defined(PAL_NEW_INIT)
  66:/home/givaldo/Documents/ChibiStudio/chibios_stable-21.11.x/os/hal/src/hal.c ****   palInit();
  67:/home/givaldo/Documents/ChibiStudio/chibios_stable-21.11.x/os/hal/src/hal.c **** #else
  68:/home/givaldo/Documents/ChibiStudio/chibios_stable-21.11.x/os/hal/src/hal.c ****   palInit(&pal_default_config);
  25               		.loc 1 68 0
  26 0004 80E0      		ldi r24,lo8(pal_default_config)
  27 0006 90E0      		ldi r25,hi8(pal_default_config)
  28 0008 0E94 0000 		call _pal_lld_init
  29               	.LVL1:
  69:/home/givaldo/Documents/ChibiStudio/chibios_stable-21.11.x/os/hal/src/hal.c **** #endif
  70:/home/givaldo/Documents/ChibiStudio/chibios_stable-21.11.x/os/hal/src/hal.c **** #endif
  71:/home/givaldo/Documents/ChibiStudio/chibios_stable-21.11.x/os/hal/src/hal.c **** #if (HAL_USE_ADC == TRUE) || defined(__DOXYGEN__)
  72:/home/givaldo/Documents/ChibiStudio/chibios_stable-21.11.x/os/hal/src/hal.c ****   adcInit();
  73:/home/givaldo/Documents/ChibiStudio/chibios_stable-21.11.x/os/hal/src/hal.c **** #endif
  74:/home/givaldo/Documents/ChibiStudio/chibios_stable-21.11.x/os/hal/src/hal.c **** #if (HAL_USE_CAN == TRUE) || defined(__DOXYGEN__)
  75:/home/givaldo/Documents/ChibiStudio/chibios_stable-21.11.x/os/hal/src/hal.c ****   canInit();
  76:/home/givaldo/Documents/ChibiStudio/chibios_stable-21.11.x/os/hal/src/hal.c **** #endif
  77:/home/givaldo/Documents/ChibiStudio/chibios_stable-21.11.x/os/hal/src/hal.c **** #if (HAL_USE_CRY == TRUE) || defined(__DOXYGEN__)
  78:/home/givaldo/Documents/ChibiStudio/chibios_stable-21.11.x/os/hal/src/hal.c ****   cryInit();
  79:/home/givaldo/Documents/ChibiStudio/chibios_stable-21.11.x/os/hal/src/hal.c **** #endif
  80:/home/givaldo/Documents/ChibiStudio/chibios_stable-21.11.x/os/hal/src/hal.c **** #if (HAL_USE_DAC == TRUE) || defined(__DOXYGEN__)
  81:/home/givaldo/Documents/ChibiStudio/chibios_stable-21.11.x/os/hal/src/hal.c ****   dacInit();
  82:/home/givaldo/Documents/ChibiStudio/chibios_stable-21.11.x/os/hal/src/hal.c **** #endif
  83:/home/givaldo/Documents/ChibiStudio/chibios_stable-21.11.x/os/hal/src/hal.c **** #if (HAL_USE_EFL == TRUE) || defined(__DOXYGEN__)
  84:/home/givaldo/Documents/ChibiStudio/chibios_stable-21.11.x/os/hal/src/hal.c ****   eflInit();
  85:/home/givaldo/Documents/ChibiStudio/chibios_stable-21.11.x/os/hal/src/hal.c **** #endif
  86:/home/givaldo/Documents/ChibiStudio/chibios_stable-21.11.x/os/hal/src/hal.c **** #if (HAL_USE_GPT == TRUE) || defined(__DOXYGEN__)
  87:/home/givaldo/Documents/ChibiStudio/chibios_stable-21.11.x/os/hal/src/hal.c ****   gptInit();
  88:/home/givaldo/Documents/ChibiStudio/chibios_stable-21.11.x/os/hal/src/hal.c **** #endif
  89:/home/givaldo/Documents/ChibiStudio/chibios_stable-21.11.x/os/hal/src/hal.c **** #if (HAL_USE_I2C == TRUE) || defined(__DOXYGEN__)
  90:/home/givaldo/Documents/ChibiStudio/chibios_stable-21.11.x/os/hal/src/hal.c ****   i2cInit();
  91:/home/givaldo/Documents/ChibiStudio/chibios_stable-21.11.x/os/hal/src/hal.c **** #endif
  92:/home/givaldo/Documents/ChibiStudio/chibios_stable-21.11.x/os/hal/src/hal.c **** #if (HAL_USE_I2S == TRUE) || defined(__DOXYGEN__)
  93:/home/givaldo/Documents/ChibiStudio/chibios_stable-21.11.x/os/hal/src/hal.c ****   i2sInit();
  94:/home/givaldo/Documents/ChibiStudio/chibios_stable-21.11.x/os/hal/src/hal.c **** #endif
  95:/home/givaldo/Documents/ChibiStudio/chibios_stable-21.11.x/os/hal/src/hal.c **** #if (HAL_USE_ICU == TRUE) || defined(__DOXYGEN__)
  96:/home/givaldo/Documents/ChibiStudio/chibios_stable-21.11.x/os/hal/src/hal.c ****   icuInit();
  97:/home/givaldo/Documents/ChibiStudio/chibios_stable-21.11.x/os/hal/src/hal.c **** #endif
  98:/home/givaldo/Documents/ChibiStudio/chibios_stable-21.11.x/os/hal/src/hal.c **** #if (HAL_USE_MAC == TRUE) || defined(__DOXYGEN__)
  99:/home/givaldo/Documents/ChibiStudio/chibios_stable-21.11.x/os/hal/src/hal.c ****   macInit();
 100:/home/givaldo/Documents/ChibiStudio/chibios_stable-21.11.x/os/hal/src/hal.c **** #endif
 101:/home/givaldo/Documents/ChibiStudio/chibios_stable-21.11.x/os/hal/src/hal.c **** #if (HAL_USE_PWM == TRUE) || defined(__DOXYGEN__)
 102:/home/givaldo/Documents/ChibiStudio/chibios_stable-21.11.x/os/hal/src/hal.c ****   pwmInit();
 103:/home/givaldo/Documents/ChibiStudio/chibios_stable-21.11.x/os/hal/src/hal.c **** #endif
 104:/home/givaldo/Documents/ChibiStudio/chibios_stable-21.11.x/os/hal/src/hal.c **** #if (HAL_USE_SERIAL == TRUE) || defined(__DOXYGEN__)
 105:/home/givaldo/Documents/ChibiStudio/chibios_stable-21.11.x/os/hal/src/hal.c ****   sdInit();
  30               		.loc 1 105 0
  31 000c 0E94 0000 		call sdInit
  32               	.LVL2:
 106:/home/givaldo/Documents/ChibiStudio/chibios_stable-21.11.x/os/hal/src/hal.c **** #endif
 107:/home/givaldo/Documents/ChibiStudio/chibios_stable-21.11.x/os/hal/src/hal.c **** #if (HAL_USE_SDC == TRUE) || defined(__DOXYGEN__)
 108:/home/givaldo/Documents/ChibiStudio/chibios_stable-21.11.x/os/hal/src/hal.c ****   sdcInit();
 109:/home/givaldo/Documents/ChibiStudio/chibios_stable-21.11.x/os/hal/src/hal.c **** #endif
 110:/home/givaldo/Documents/ChibiStudio/chibios_stable-21.11.x/os/hal/src/hal.c **** #if (HAL_USE_SIO == TRUE) || defined(__DOXYGEN__)
 111:/home/givaldo/Documents/ChibiStudio/chibios_stable-21.11.x/os/hal/src/hal.c ****   sioInit();
 112:/home/givaldo/Documents/ChibiStudio/chibios_stable-21.11.x/os/hal/src/hal.c **** #endif
 113:/home/givaldo/Documents/ChibiStudio/chibios_stable-21.11.x/os/hal/src/hal.c **** #if (HAL_USE_SPI == TRUE) || defined(__DOXYGEN__)
 114:/home/givaldo/Documents/ChibiStudio/chibios_stable-21.11.x/os/hal/src/hal.c ****   spiInit();
 115:/home/givaldo/Documents/ChibiStudio/chibios_stable-21.11.x/os/hal/src/hal.c **** #endif
 116:/home/givaldo/Documents/ChibiStudio/chibios_stable-21.11.x/os/hal/src/hal.c **** #if (HAL_USE_TRNG == TRUE) || defined(__DOXYGEN__)
 117:/home/givaldo/Documents/ChibiStudio/chibios_stable-21.11.x/os/hal/src/hal.c ****   trngInit();
 118:/home/givaldo/Documents/ChibiStudio/chibios_stable-21.11.x/os/hal/src/hal.c **** #endif
 119:/home/givaldo/Documents/ChibiStudio/chibios_stable-21.11.x/os/hal/src/hal.c **** #if (HAL_USE_UART == TRUE) || defined(__DOXYGEN__)
 120:/home/givaldo/Documents/ChibiStudio/chibios_stable-21.11.x/os/hal/src/hal.c ****   uartInit();
 121:/home/givaldo/Documents/ChibiStudio/chibios_stable-21.11.x/os/hal/src/hal.c **** #endif
 122:/home/givaldo/Documents/ChibiStudio/chibios_stable-21.11.x/os/hal/src/hal.c **** #if (HAL_USE_USB == TRUE) || defined(__DOXYGEN__)
 123:/home/givaldo/Documents/ChibiStudio/chibios_stable-21.11.x/os/hal/src/hal.c ****   usbInit();
 124:/home/givaldo/Documents/ChibiStudio/chibios_stable-21.11.x/os/hal/src/hal.c **** #endif
 125:/home/givaldo/Documents/ChibiStudio/chibios_stable-21.11.x/os/hal/src/hal.c **** #if (HAL_USE_MMC_SPI == TRUE) || defined(__DOXYGEN__)
 126:/home/givaldo/Documents/ChibiStudio/chibios_stable-21.11.x/os/hal/src/hal.c ****   mmcInit();
 127:/home/givaldo/Documents/ChibiStudio/chibios_stable-21.11.x/os/hal/src/hal.c **** #endif
 128:/home/givaldo/Documents/ChibiStudio/chibios_stable-21.11.x/os/hal/src/hal.c **** #if (HAL_USE_SERIAL_USB == TRUE) || defined(__DOXYGEN__)
 129:/home/givaldo/Documents/ChibiStudio/chibios_stable-21.11.x/os/hal/src/hal.c ****   sduInit();
 130:/home/givaldo/Documents/ChibiStudio/chibios_stable-21.11.x/os/hal/src/hal.c **** #endif
 131:/home/givaldo/Documents/ChibiStudio/chibios_stable-21.11.x/os/hal/src/hal.c **** #if (HAL_USE_RTC == TRUE) || defined(__DOXYGEN__)
 132:/home/givaldo/Documents/ChibiStudio/chibios_stable-21.11.x/os/hal/src/hal.c ****   rtcInit();
 133:/home/givaldo/Documents/ChibiStudio/chibios_stable-21.11.x/os/hal/src/hal.c **** #endif
 134:/home/givaldo/Documents/ChibiStudio/chibios_stable-21.11.x/os/hal/src/hal.c **** #if (HAL_USE_WDG == TRUE) || defined(__DOXYGEN__)
 135:/home/givaldo/Documents/ChibiStudio/chibios_stable-21.11.x/os/hal/src/hal.c ****   wdgInit();
 136:/home/givaldo/Documents/ChibiStudio/chibios_stable-21.11.x/os/hal/src/hal.c **** #endif
 137:/home/givaldo/Documents/ChibiStudio/chibios_stable-21.11.x/os/hal/src/hal.c **** #if (HAL_USE_WSPI == TRUE) || defined(__DOXYGEN__)
 138:/home/givaldo/Documents/ChibiStudio/chibios_stable-21.11.x/os/hal/src/hal.c ****   wspiInit();
 139:/home/givaldo/Documents/ChibiStudio/chibios_stable-21.11.x/os/hal/src/hal.c **** #endif
 140:/home/givaldo/Documents/ChibiStudio/chibios_stable-21.11.x/os/hal/src/hal.c **** 
 141:/home/givaldo/Documents/ChibiStudio/chibios_stable-21.11.x/os/hal/src/hal.c ****   /* Community driver overlay initialization.*/
 142:/home/givaldo/Documents/ChibiStudio/chibios_stable-21.11.x/os/hal/src/hal.c **** #if defined(HAL_USE_COMMUNITY) || defined(__DOXYGEN__)
 143:/home/givaldo/Documents/ChibiStudio/chibios_stable-21.11.x/os/hal/src/hal.c **** #if (HAL_USE_COMMUNITY == TRUE) || defined(__DOXYGEN__)
 144:/home/givaldo/Documents/ChibiStudio/chibios_stable-21.11.x/os/hal/src/hal.c ****   halCommunityInit();
 145:/home/givaldo/Documents/ChibiStudio/chibios_stable-21.11.x/os/hal/src/hal.c **** #endif
 146:/home/givaldo/Documents/ChibiStudio/chibios_stable-21.11.x/os/hal/src/hal.c **** #endif
 147:/home/givaldo/Documents/ChibiStudio/chibios_stable-21.11.x/os/hal/src/hal.c **** 
 148:/home/givaldo/Documents/ChibiStudio/chibios_stable-21.11.x/os/hal/src/hal.c ****   /* Board specific initialization.*/
 149:/home/givaldo/Documents/ChibiStudio/chibios_stable-21.11.x/os/hal/src/hal.c ****   boardInit();
  33               		.loc 1 149 0
  34 0010 0E94 0000 		call boardInit
  35               	.LVL3:
 150:/home/givaldo/Documents/ChibiStudio/chibios_stable-21.11.x/os/hal/src/hal.c **** 
 151:/home/givaldo/Documents/ChibiStudio/chibios_stable-21.11.x/os/hal/src/hal.c **** /*
 152:/home/givaldo/Documents/ChibiStudio/chibios_stable-21.11.x/os/hal/src/hal.c ****  *  The ST driver is a special case, it is only initialized if the OSAL is
 153:/home/givaldo/Documents/ChibiStudio/chibios_stable-21.11.x/os/hal/src/hal.c ****  *  configured to require it.
 154:/home/givaldo/Documents/ChibiStudio/chibios_stable-21.11.x/os/hal/src/hal.c ****  */
 155:/home/givaldo/Documents/ChibiStudio/chibios_stable-21.11.x/os/hal/src/hal.c **** #if OSAL_ST_MODE != OSAL_ST_MODE_NONE
 156:/home/givaldo/Documents/ChibiStudio/chibios_stable-21.11.x/os/hal/src/hal.c ****   stInit();
  36               		.loc 1 156 0
  37 0014 0C94 0000 		jmp stInit
  38               	.LVL4:
  39               		.cfi_endproc
  40               	.LFE243:
  42               		.text
  43               	.Letext0:
  44               		.file 2 "/usr/lib/gcc/avr/7.3.0/include/stddef.h"
  45               		.file 3 "/usr/lib/avr/include/stdint.h"
  46               		.file 4 "/home/givaldo/Documents/ChibiStudio/chibios_stable-21.11.x/os/common/ports/AVR/compilers/
  47               		.file 5 "/home/givaldo/Documents/ChibiStudio/chibios_stable-21.11.x/os/rt/include/chearly.h"
  48               		.file 6 "/home/givaldo/Documents/ChibiStudio/chibios_stable-21.11.x/os/rt/include/chobjects.h"
  49               		.file 7 "/home/givaldo/Documents/ChibiStudio/chibios_stable-21.11.x/os/rt/include/chrfcu.h"
  50               		.file 8 "/home/givaldo/Documents/ChibiStudio/chibios_stable-21.11.x/os/rt/include/chdebug.h"
  51               		.file 9 "/home/givaldo/Documents/ChibiStudio/chibios_stable-21.11.x/os/rt/include/chtime.h"
  52               		.file 10 "/home/givaldo/Documents/ChibiStudio/chibios_stable-21.11.x/os/rt/include/chlists.h"
  53               		.file 11 "/home/givaldo/Documents/ChibiStudio/chibios_stable-21.11.x/os/common/ports/AVR/chcore.h"
  54               		.file 12 "/home/givaldo/Documents/ChibiStudio/chibios_stable-21.11.x/os/rt/include/chsem.h"
  55               		.file 13 "/home/givaldo/Documents/ChibiStudio/chibios_stable-21.11.x/os/rt/include/chmtx.h"
  56               		.file 14 "/home/givaldo/Documents/ChibiStudio/chibios_stable-21.11.x/os/rt/include/chsys.h"
  57               		.file 15 "/home/givaldo/Documents/ChibiStudio/chibios_stable-21.11.x/os/rt/include/chregistry.h"
  58               		.file 16 "/home/givaldo/Documents/ChibiStudio/chibios_stable-21.11.x/os/rt/include/chevents.h"
  59               		.file 17 "/home/givaldo/Documents/ChibiStudio/chibios_stable-21.11.x/os/oslib/include/chmemcore.h"
  60               		.file 18 "/home/givaldo/Documents/ChibiStudio/chibios_stable-21.11.x/os/hal/include/hal_queues.h"
  61               		.file 19 "/home/givaldo/Documents/ChibiStudio/chibios_stable-21.11.x/os/hal/include/hal_pal.h"
  62               		.file 20 "/home/givaldo/Documents/ChibiStudio/chibios_stable-21.11.x/os/hal/ports/AVR/MEGA/LLD/GPI
  63               		.file 21 "/home/givaldo/Documents/ChibiStudio/chibios_stable-21.11.x/os/hal/include/hal_serial.h"
  64               		.file 22 "/home/givaldo/Documents/ChibiStudio/chibios_stable-21.11.x/os/hal/ports/AVR/MEGA/LLD/USA
  65               		.file 23 "/home/givaldo/Documents/ChibiStudio/chibios_stable-21.11.x/os/hal/ports/AVR/MEGA/ATMEGAx
  66               		.file 24 "/home/givaldo/Documents/ChibiStudio/chibios_stable-21.11.x/os/hal/boards/ARDUINO_NANO/bo
  67               		.file 25 "/home/givaldo/Documents/ChibiStudio/chibios_stable-21.11.x/os/hal/include/hal_st.h"
  68               		.file 26 "/home/givaldo/Documents/ChibiStudio/chibios_stable-21.11.x/os/hal/osal/rt-nil/osal.h"
DEFINED SYMBOLS
                            *ABS*:0000000000000000 hal.c
     /tmp/ccd1umo2.s:2      *ABS*:000000000000003e __SP_H__
     /tmp/ccd1umo2.s:3      *ABS*:000000000000003d __SP_L__
     /tmp/ccd1umo2.s:4      *ABS*:000000000000003f __SREG__
     /tmp/ccd1umo2.s:5      *ABS*:0000000000000000 __tmp_reg__
     /tmp/ccd1umo2.s:6      *ABS*:0000000000000001 __zero_reg__
     /tmp/ccd1umo2.s:13     .text.halInit:0000000000000000 halInit

UNDEFINED SYMBOLS
hal_lld_init
pal_default_config
_pal_lld_init
sdInit
boardInit
stInit
